Started GET "/" for 127.0.0.1 at 2018-09-03 01:22:15 +0530
Processing by Rails::WelcomeController#index as HTML
  Rendering /usr/share/rvm/rubies/ruby-2.5.1/lib/ruby/gems/2.5.0/gems/railties-5.2.1/lib/rails/templates/rails/welcome/index.html.erb
  Rendered /usr/share/rvm/rubies/ruby-2.5.1/lib/ruby/gems/2.5.0/gems/railties-5.2.1/lib/rails/templates/rails/welcome/index.html.erb (2.0ms)
Completed 200 OK in 10ms (Views: 5.1ms | ActiveRecord: 0.0ms)


Started GET "/" for 127.0.0.1 at 2018-09-03 01:25:44 +0530
Processing by Rails::WelcomeController#index as HTML
  Rendering /usr/share/rvm/rubies/ruby-2.5.1/lib/ruby/gems/2.5.0/gems/railties-5.2.1/lib/rails/templates/rails/welcome/index.html.erb
  Rendered /usr/share/rvm/rubies/ruby-2.5.1/lib/ruby/gems/2.5.0/gems/railties-5.2.1/lib/rails/templates/rails/welcome/index.html.erb (2.0ms)
Completed 200 OK in 9ms (Views: 3.7ms | ActiveRecord: 0.0ms)


Started GET "/" for 127.0.0.1 at 2018-09-03 01:25:50 +0530
Processing by Rails::WelcomeController#index as HTML
  Rendering /usr/share/rvm/rubies/ruby-2.5.1/lib/ruby/gems/2.5.0/gems/railties-5.2.1/lib/rails/templates/rails/welcome/index.html.erb
  Rendered /usr/share/rvm/rubies/ruby-2.5.1/lib/ruby/gems/2.5.0/gems/railties-5.2.1/lib/rails/templates/rails/welcome/index.html.erb (4.7ms)
Completed 200 OK in 11ms (Views: 7.1ms | ActiveRecord: 0.0ms)


Started GET "/" for 127.0.0.1 at 2018-09-03 01:25:50 +0530
Processing by Rails::WelcomeController#index as HTML
  Rendering /usr/share/rvm/rubies/ruby-2.5.1/lib/ruby/gems/2.5.0/gems/railties-5.2.1/lib/rails/templates/rails/welcome/index.html.erb
  Rendered /usr/share/rvm/rubies/ruby-2.5.1/lib/ruby/gems/2.5.0/gems/railties-5.2.1/lib/rails/templates/rails/welcome/index.html.erb (10.6ms)
Completed 200 OK in 22ms (Views: 16.0ms | ActiveRecord: 0.0ms)


Started GET "/" for 127.0.0.1 at 2018-09-03 01:25:51 +0530
Processing by Rails::WelcomeController#index as HTML
  Rendering /usr/share/rvm/rubies/ruby-2.5.1/lib/ruby/gems/2.5.0/gems/railties-5.2.1/lib/rails/templates/rails/welcome/index.html.erb
  Rendered /usr/share/rvm/rubies/ruby-2.5.1/lib/ruby/gems/2.5.0/gems/railties-5.2.1/lib/rails/templates/rails/welcome/index.html.erb (10.5ms)
Completed 200 OK in 34ms (Views: 29.0ms | ActiveRecord: 0.0ms)


Started GET "/" for 127.0.0.1 at 2018-09-03 01:25:52 +0530
Processing by Rails::WelcomeController#index as HTML
  Rendering /usr/share/rvm/rubies/ruby-2.5.1/lib/ruby/gems/2.5.0/gems/railties-5.2.1/lib/rails/templates/rails/welcome/index.html.erb
  Rendered /usr/share/rvm/rubies/ruby-2.5.1/lib/ruby/gems/2.5.0/gems/railties-5.2.1/lib/rails/templates/rails/welcome/index.html.erb (6.5ms)
Completed 200 OK in 13ms (Views: 9.7ms | ActiveRecord: 0.0ms)


Started GET "/" for 127.0.0.1 at 2018-09-03 01:25:52 +0530
Processing by Rails::WelcomeController#index as HTML
  Rendering /usr/share/rvm/rubies/ruby-2.5.1/lib/ruby/gems/2.5.0/gems/railties-5.2.1/lib/rails/templates/rails/welcome/index.html.erb
  Rendered /usr/share/rvm/rubies/ruby-2.5.1/lib/ruby/gems/2.5.0/gems/railties-5.2.1/lib/rails/templates/rails/welcome/index.html.erb (11.1ms)
Completed 200 OK in 19ms (Views: 15.1ms | ActiveRecord: 0.0ms)


Started GET "/" for 127.0.0.1 at 2018-09-03 01:25:52 +0530
Processing by Rails::WelcomeController#index as HTML
  Rendering /usr/share/rvm/rubies/ruby-2.5.1/lib/ruby/gems/2.5.0/gems/railties-5.2.1/lib/rails/templates/rails/welcome/index.html.erb
  Rendered /usr/share/rvm/rubies/ruby-2.5.1/lib/ruby/gems/2.5.0/gems/railties-5.2.1/lib/rails/templates/rails/welcome/index.html.erb (1.5ms)
Completed 200 OK in 3ms (Views: 2.1ms | ActiveRecord: 0.0ms)


Started GET "/" for 127.0.0.1 at 2018-09-03 01:25:53 +0530
Processing by Rails::WelcomeController#index as HTML
  Rendering /usr/share/rvm/rubies/ruby-2.5.1/lib/ruby/gems/2.5.0/gems/railties-5.2.1/lib/rails/templates/rails/welcome/index.html.erb
  Rendered /usr/share/rvm/rubies/ruby-2.5.1/lib/ruby/gems/2.5.0/gems/railties-5.2.1/lib/rails/templates/rails/welcome/index.html.erb (8.0ms)
Completed 200 OK in 14ms (Views: 11.1ms | ActiveRecord: 0.0ms)


Started GET "/" for 127.0.0.1 at 2018-09-03 01:25:53 +0530
Processing by Rails::WelcomeController#index as HTML
  Rendering /usr/share/rvm/rubies/ruby-2.5.1/lib/ruby/gems/2.5.0/gems/railties-5.2.1/lib/rails/templates/rails/welcome/index.html.erb
  Rendered /usr/share/rvm/rubies/ruby-2.5.1/lib/ruby/gems/2.5.0/gems/railties-5.2.1/lib/rails/templates/rails/welcome/index.html.erb (10.0ms)
Completed 200 OK in 19ms (Views: 14.2ms | ActiveRecord: 0.0ms)


Started GET "/" for 127.0.0.1 at 2018-09-03 01:25:54 +0530
Processing by Rails::WelcomeController#index as HTML
  Rendering /usr/share/rvm/rubies/ruby-2.5.1/lib/ruby/gems/2.5.0/gems/railties-5.2.1/lib/rails/templates/rails/welcome/index.html.erb
  Rendered /usr/share/rvm/rubies/ruby-2.5.1/lib/ruby/gems/2.5.0/gems/railties-5.2.1/lib/rails/templates/rails/welcome/index.html.erb (11.7ms)
Completed 200 OK in 21ms (Views: 17.0ms | ActiveRecord: 0.0ms)


Started GET "/" for 127.0.0.1 at 2018-09-03 02:36:19 +0530
Processing by Rails::WelcomeController#index as HTML
  Rendering /usr/share/rvm/rubies/ruby-2.5.1/lib/ruby/gems/2.5.0/gems/railties-5.2.1/lib/rails/templates/rails/welcome/index.html.erb
  Rendered /usr/share/rvm/rubies/ruby-2.5.1/lib/ruby/gems/2.5.0/gems/railties-5.2.1/lib/rails/templates/rails/welcome/index.html.erb (1.9ms)
Completed 200 OK in 10ms (Views: 3.7ms | ActiveRecord: 0.0ms)


Started GET "/" for 127.0.0.1 at 2018-09-03 03:02:55 +0530
Processing by HomeController#login as HTML
  Rendering home/login.html.erb within layouts/application
  Rendered home/login.html.erb within layouts/application (0.5ms)
Completed 200 OK in 3384ms (Views: 3379.4ms | ActiveRecord: 0.0ms)


Started GET "/" for 127.0.0.1 at 2018-09-03 03:03:35 +0530
Processing by HomeController#login as HTML
  Rendering home/login.html.erb within layouts/application
  Rendered home/login.html.erb within layouts/application (0.5ms)
Completed 200 OK in 21ms (Views: 19.8ms | ActiveRecord: 0.0ms)


Started GET "/" for 127.0.0.1 at 2018-09-03 03:03:36 +0530
Processing by HomeController#login as HTML
  Rendering home/login.html.erb within layouts/application
  Rendered home/login.html.erb within layouts/application (0.4ms)
Completed 200 OK in 26ms (Views: 23.8ms | ActiveRecord: 0.0ms)


Started GET "/" for 127.0.0.1 at 2018-09-03 03:03:37 +0530
Processing by HomeController#login as HTML
  Rendering home/login.html.erb within layouts/application
  Rendered home/login.html.erb within layouts/application (0.9ms)
Completed 200 OK in 36ms (Views: 33.9ms | ActiveRecord: 0.0ms)


Started GET "/" for 127.0.0.1 at 2018-09-03 03:03:38 +0530
Processing by HomeController#login as HTML
  Rendering home/login.html.erb within layouts/application
  Rendered home/login.html.erb within layouts/application (0.3ms)
Completed 200 OK in 24ms (Views: 22.3ms | ActiveRecord: 0.0ms)


Started GET "/" for 127.0.0.1 at 2018-09-03 03:05:24 +0530
Processing by HomeController#login as HTML
  Rendering home/login.html.erb within layouts/application
  Rendered home/login.html.erb within layouts/application (0.4ms)
Completed 200 OK in 25ms (Views: 24.3ms | ActiveRecord: 0.0ms)


Started GET "/" for 127.0.0.1 at 2018-09-03 03:06:34 +0530
Processing by HomeController#login as HTML
  Rendering home/login.html.erb within layouts/application
  Rendered home/login.html.erb within layouts/application (0.4ms)
Completed 200 OK in 28ms (Views: 26.5ms | ActiveRecord: 0.0ms)


Started GET "/longin" for 127.0.0.1 at 2018-09-03 03:06:46 +0530
  
ActionController::RoutingError (No route matches [GET] "/longin"):
  
actionpack (5.2.1) lib/action_dispatch/middleware/debug_exceptions.rb:65:in `call'
web-console (3.6.2) lib/web_console/middleware.rb:135:in `call_app'
web-console (3.6.2) lib/web_console/middleware.rb:30:in `block in call'
web-console (3.6.2) lib/web_console/middleware.rb:20:in `catch'
web-console (3.6.2) lib/web_console/middleware.rb:20:in `call'
actionpack (5.2.1) lib/action_dispatch/middleware/show_exceptions.rb:33:in `call'
railties (5.2.1) lib/rails/rack/logger.rb:38:in `call_app'
railties (5.2.1) lib/rails/rack/logger.rb:26:in `block in call'
activesupport (5.2.1) lib/active_support/tagged_logging.rb:71:in `block in tagged'
activesupport (5.2.1) lib/active_support/tagged_logging.rb:28:in `tagged'
activesupport (5.2.1) lib/active_support/tagged_logging.rb:71:in `tagged'
railties (5.2.1) lib/rails/rack/logger.rb:26:in `call'
sprockets-rails (3.2.1) lib/sprockets/rails/quiet_assets.rb:13:in `call'
actionpack (5.2.1) lib/action_dispatch/middleware/remote_ip.rb:81:in `call'
actionpack (5.2.1) lib/action_dispatch/middleware/request_id.rb:27:in `call'
rack (2.0.5) lib/rack/method_override.rb:22:in `call'
rack (2.0.5) lib/rack/runtime.rb:22:in `call'
activesupport (5.2.1) lib/active_support/cache/strategy/local_cache_middleware.rb:29:in `call'
actionpack (5.2.1) lib/action_dispatch/middleware/executor.rb:14:in `call'
actionpack (5.2.1) lib/action_dispatch/middleware/static.rb:127:in `call'
rack (2.0.5) lib/rack/sendfile.rb:111:in `call'
railties (5.2.1) lib/rails/engine.rb:524:in `call'
puma (3.12.0) lib/puma/configuration.rb:225:in `call'
puma (3.12.0) lib/puma/server.rb:658:in `handle_request'
puma (3.12.0) lib/puma/server.rb:472:in `process_client'
puma (3.12.0) lib/puma/server.rb:332:in `block in run'
puma (3.12.0) lib/puma/thread_pool.rb:133:in `block in spawn_thread'
Started GET "/login" for 127.0.0.1 at 2018-09-03 03:06:56 +0530
  
ActionController::RoutingError (No route matches [GET] "/login"):
  
actionpack (5.2.1) lib/action_dispatch/middleware/debug_exceptions.rb:65:in `call'
web-console (3.6.2) lib/web_console/middleware.rb:135:in `call_app'
web-console (3.6.2) lib/web_console/middleware.rb:30:in `block in call'
web-console (3.6.2) lib/web_console/middleware.rb:20:in `catch'
web-console (3.6.2) lib/web_console/middleware.rb:20:in `call'
actionpack (5.2.1) lib/action_dispatch/middleware/show_exceptions.rb:33:in `call'
railties (5.2.1) lib/rails/rack/logger.rb:38:in `call_app'
railties (5.2.1) lib/rails/rack/logger.rb:26:in `block in call'
activesupport (5.2.1) lib/active_support/tagged_logging.rb:71:in `block in tagged'
activesupport (5.2.1) lib/active_support/tagged_logging.rb:28:in `tagged'
activesupport (5.2.1) lib/active_support/tagged_logging.rb:71:in `tagged'
railties (5.2.1) lib/rails/rack/logger.rb:26:in `call'
sprockets-rails (3.2.1) lib/sprockets/rails/quiet_assets.rb:13:in `call'
actionpack (5.2.1) lib/action_dispatch/middleware/remote_ip.rb:81:in `call'
actionpack (5.2.1) lib/action_dispatch/middleware/request_id.rb:27:in `call'
rack (2.0.5) lib/rack/method_override.rb:22:in `call'
rack (2.0.5) lib/rack/runtime.rb:22:in `call'
activesupport (5.2.1) lib/active_support/cache/strategy/local_cache_middleware.rb:29:in `call'
actionpack (5.2.1) lib/action_dispatch/middleware/executor.rb:14:in `call'
actionpack (5.2.1) lib/action_dispatch/middleware/static.rb:127:in `call'
rack (2.0.5) lib/rack/sendfile.rb:111:in `call'
railties (5.2.1) lib/rails/engine.rb:524:in `call'
puma (3.12.0) lib/puma/configuration.rb:225:in `call'
puma (3.12.0) lib/puma/server.rb:658:in `handle_request'
puma (3.12.0) lib/puma/server.rb:472:in `process_client'
puma (3.12.0) lib/puma/server.rb:332:in `block in run'
puma (3.12.0) lib/puma/thread_pool.rb:133:in `block in spawn_thread'
Started GET "/" for 127.0.0.1 at 2018-09-03 03:07:15 +0530
Processing by HomeController#login as HTML
  Rendering home/login.html.erb within layouts/application
  Rendered home/login.html.erb within layouts/application (0.3ms)
Completed 200 OK in 14ms (Views: 13.1ms | ActiveRecord: 0.0ms)


Started GET "/home" for 127.0.0.1 at 2018-09-03 03:07:39 +0530

AbstractController::ActionNotFound - The action 'index' could not be found for HomeController:

Started POST "/__better_errors/0f43440ea9c86778/variables" for 127.0.0.1 at 2018-09-03 03:07:39 +0530
Started GET "/" for 127.0.0.1 at 2018-09-03 03:07:53 +0530
Processing by HomeController#login as HTML
  Rendering home/login.html.erb within layouts/application
  Rendered home/login.html.erb within layouts/application (0.5ms)
Completed 200 OK in 20ms (Views: 18.7ms | ActiveRecord: 0.0ms)


Started GET "/home" for 127.0.0.1 at 2018-09-03 03:07:58 +0530

AbstractController::ActionNotFound - The action 'index' could not be found for HomeController:

Started POST "/__better_errors/8f73dda80315388a/variables" for 127.0.0.1 at 2018-09-03 03:07:59 +0530
Started GET "/home/login" for 127.0.0.1 at 2018-09-03 03:08:10 +0530

AbstractController::ActionNotFound - The action 'show' could not be found for HomeController:

Started POST "/__better_errors/c2242756a29bed2e/variables" for 127.0.0.1 at 2018-09-03 03:08:10 +0530
Started GET "/home/login" for 127.0.0.1 at 2018-09-03 03:08:35 +0530

AbstractController::ActionNotFound - The action 'show' could not be found for HomeController:

Started POST "/__better_errors/9969f929895cfc23/variables" for 127.0.0.1 at 2018-09-03 03:08:35 +0530
Started GET "/home" for 127.0.0.1 at 2018-09-03 03:08:39 +0530

AbstractController::ActionNotFound - The action 'index' could not be found for HomeController:

Started POST "/__better_errors/8441e4616c259350/variables" for 127.0.0.1 at 2018-09-03 03:08:39 +0530
Started GET "/home" for 127.0.0.1 at 2018-09-03 03:08:41 +0530

AbstractController::ActionNotFound - The action 'index' could not be found for HomeController:

Started POST "/__better_errors/8c2cb642f162d437/variables" for 127.0.0.1 at 2018-09-03 03:08:41 +0530
Started GET "/home" for 127.0.0.1 at 2018-09-03 03:10:46 +0530
Processing by HomeController#index as HTML
  Rendering home/index.html.erb within layouts/application
  Rendered home/index.html.erb within layouts/application (0.2ms)
Completed 200 OK in 15ms (Views: 14.1ms | ActiveRecord: 0.0ms)


Started GET "/home" for 127.0.0.1 at 2018-09-03 03:10:48 +0530
Processing by HomeController#index as HTML
  Rendering home/index.html.erb within layouts/application
  Rendered home/index.html.erb within layouts/application (0.6ms)
Completed 200 OK in 30ms (Views: 27.8ms | ActiveRecord: 0.0ms)


Started GET "/home/login" for 127.0.0.1 at 2018-09-03 03:10:52 +0530

AbstractController::ActionNotFound - The action 'show' could not be found for HomeController:

Started POST "/__better_errors/0a2ed75d5748ef3c/variables" for 127.0.0.1 at 2018-09-03 03:10:52 +0530
Started GET "/home/login" for 127.0.0.1 at 2018-09-03 03:11:26 +0530

AbstractController::ActionNotFound - The action 'show' could not be found for HomeController:

Started POST "/__better_errors/10f412af47c96f7c/variables" for 127.0.0.1 at 2018-09-03 03:11:26 +0530
Started GET "/" for 127.0.0.1 at 2018-09-03 03:11:28 +0530
Processing by HomeController#index as HTML
  Rendering home/index.html.erb within layouts/application
  Rendered home/index.html.erb within layouts/application (0.6ms)
Completed 200 OK in 22ms (Views: 19.9ms | ActiveRecord: 0.0ms)


Started GET "/home" for 127.0.0.1 at 2018-09-03 03:11:32 +0530
Processing by HomeController#index as HTML
  Rendering home/index.html.erb within layouts/application
  Rendered home/index.html.erb within layouts/application (0.3ms)
Completed 200 OK in 20ms (Views: 18.6ms | ActiveRecord: 0.0ms)


Started GET "/home" for 127.0.0.1 at 2018-09-03 03:11:34 +0530
Processing by HomeController#index as HTML
  Rendering home/index.html.erb within layouts/application
  Rendered home/index.html.erb within layouts/application (0.4ms)
Completed 200 OK in 24ms (Views: 22.0ms | ActiveRecord: 0.0ms)


Started GET "/home" for 127.0.0.1 at 2018-09-03 03:12:24 +0530
Processing by HomeController#index as HTML
  Rendering home/index.html.erb within layouts/application
  Rendered home/index.html.erb within layouts/application (0.5ms)
Completed 200 OK in 25ms (Views: 24.4ms | ActiveRecord: 0.0ms)


Started GET "/" for 127.0.0.1 at 2018-09-03 03:18:05 +0530
Processing by HomeController#index as HTML
  Rendering home/index.html.erb within layouts/application
  Rendered home/index.html.erb within layouts/application (0.3ms)
Completed 200 OK in 25ms (Views: 24.5ms | ActiveRecord: 0.0ms)


Started GET "/home" for 127.0.0.1 at 2018-09-03 03:18:11 +0530
Processing by HomeController#index as HTML
  Rendering home/index.html.erb within layouts/application
  Rendered home/index.html.erb within layouts/application (0.4ms)
Completed 200 OK in 19ms (Views: 17.5ms | ActiveRecord: 0.0ms)


Started GET "/home/details" for 127.0.0.1 at 2018-09-03 03:18:18 +0530

AbstractController::ActionNotFound - The action 'show' could not be found for HomeController:

Started POST "/__better_errors/ec9e19f99f7523ed/variables" for 127.0.0.1 at 2018-09-03 03:18:19 +0530
Started GET "/home/details" for 127.0.0.1 at 2018-09-03 03:23:57 +0530

AbstractController::ActionNotFound - The action 'show' could not be found for HomeController:

Started POST "/__better_errors/892ee159cc6251f3/variables" for 127.0.0.1 at 2018-09-03 03:23:57 +0530
Started GET "/" for 127.0.0.1 at 2018-09-03 03:23:59 +0530
Processing by HomeController#index as HTML
  Rendering home/index.html.erb within layouts/application
  Rendered home/index.html.erb within layouts/application (0.5ms)
Completed 200 OK in 29ms (Views: 26.9ms | ActiveRecord: 0.0ms)


Started GET "/home" for 127.0.0.1 at 2018-09-03 03:24:03 +0530
Processing by HomeController#index as HTML
  Rendering home/index.html.erb within layouts/application
  Rendered home/index.html.erb within layouts/application (0.5ms)
Completed 200 OK in 26ms (Views: 24.6ms | ActiveRecord: 0.0ms)


Started GET "/home" for 127.0.0.1 at 2018-09-03 03:24:28 +0530
Processing by HomeController#index as HTML
  Rendering home/index.html.erb within layouts/application
  Rendered home/index.html.erb within layouts/application (0.2ms)
Completed 200 OK in 15ms (Views: 14.2ms | ActiveRecord: 0.0ms)


Started GET "/home" for 127.0.0.1 at 2018-09-03 03:26:26 +0530
Processing by HomeController#index as HTML
  Rendering home/index.html.erb within layouts/application
  Rendered home/index.html.erb within layouts/application (0.5ms)
Completed 200 OK in 22ms (Views: 20.5ms | ActiveRecord: 0.0ms)


Started GET "/" for 127.0.0.1 at 2018-09-03 03:26:29 +0530
Processing by HomeController#index as HTML
  Rendering home/index.html.erb within layouts/application
  Rendered home/index.html.erb within layouts/application (0.5ms)
Completed 200 OK in 21ms (Views: 19.8ms | ActiveRecord: 0.0ms)


Started GET "/home" for 127.0.0.1 at 2018-09-03 03:26:32 +0530
Processing by HomeController#index as HTML
  Rendering home/index.html.erb within layouts/application
  Rendered home/index.html.erb within layouts/application (0.4ms)
Completed 200 OK in 29ms (Views: 26.2ms | ActiveRecord: 0.0ms)


Started GET "/home/new" for 127.0.0.1 at 2018-09-03 03:26:36 +0530
Processing by HomeController#new as HTML
  Rendering home/new.html.erb within layouts/application
  Rendered home/new.html.erb within layouts/application (0.4ms)
Completed 200 OK in 19ms (Views: 18.0ms | ActiveRecord: 0.0ms)


Started GET "/home/new" for 127.0.0.1 at 2018-09-03 03:27:33 +0530
Processing by HomeController#new as HTML
  Rendering home/new.html.erb within layouts/application
  Rendered home/new.html.erb within layouts/application (0.5ms)
Completed 200 OK in 19ms (Views: 18.2ms | ActiveRecord: 0.0ms)


Started GET "/home/new" for 127.0.0.1 at 2018-09-03 03:27:52 +0530
Processing by HomeController#new as HTML
  Rendering home/new.html.erb within layouts/application
  Rendered home/new.html.erb within layouts/application (0.5ms)
Completed 200 OK in 17ms (Views: 16.0ms | ActiveRecord: 0.0ms)


